{"target": -25258.13484984301, "params": {"c1": 0.36803680368036806, "c2": 1.5901290129012902, "c3": 0.16341634163416344, "c4": 0.15841584158415842, "c5": 1.8173917391739174, "c6": 0.9978397839783978, "c7": 0.1338802880288029}, "datetime": {"datetime": "2023-06-29 15:49:10", "elapsed": 0.0, "delta": 0.0}}
{"target": -17590.174500009824, "params": {"c1": 0.8764876487648765, "c2": 1.2332733273327332, "c3": 0.6947694769476948, "c4": 0.9663966396639664, "c5": 0.34284428442844284, "c6": 0.9981098109810981, "c7": 0.9297632763276328}, "datetime": {"datetime": "2023-06-29 15:49:10", "elapsed": 0.0, "delta": 0.0}}
{"target": -2983.1978190595796, "params": {"c1": 0.16841684168416843, "c2": 0.3760976097609761, "c3": 0.1069106910691069, "c4": 0.748974897489749, "c5": 0.5279227922792279, "c6": 0.868946894689469, "c7": 0.5731845184518451}, "datetime": {"datetime": "2023-06-29 15:49:10", "elapsed": 0.0, "delta": 0.0}}
{"target": -18008.37602863222, "params": {"c1": 0.20702070207020704, "c2": 1.4652865286528653, "c3": 0.7513751375137514, "c4": 0.29452945294529453, "c5": 1.7394839483948394, "c6": 0.5036003600360036, "c7": 0.4646822682268227}, "datetime": {"datetime": "2023-06-29 15:49:10", "elapsed": 0.0, "delta": 0.0}}
{"target": -14857.08077267652, "params": {"c1": 0.9814981498149815, "c2": 1.0018301830183018, "c3": 0.36123612361236124, "c4": 0.40034003400340035, "c5": 1.4943594359435945, "c6": 0.5775877587758775, "c7": 0.19002970297029703}, "datetime": {"datetime": "2023-06-29 15:49:10", "elapsed": 0.0, "delta": 0.0}}
{"target": -15881.741536706635, "params": {"c1": 0.15231523152315232, "c2": 1.1557455745574556, "c3": 0.7741774177417741, "c4": 0.6404640464046405, "c5": 1.4559755975597561, "c6": 0.7065706570657065, "c7": 0.8907983798379837}, "datetime": {"datetime": "2023-06-29 15:49:10", "elapsed": 0.0, "delta": 0.0}}
{"target": -8246.728308283347, "params": {"c1": 0.840984098409841, "c2": 0.9955595559555955, "c3": 0.26432643264326433, "c4": 0.38993899389938996, "c5": 1.4495149514951495, "c6": 0.737083708370837, "c7": 0.10930243024302429}, "datetime": {"datetime": "2023-06-29 15:49:10", "elapsed": 0.0, "delta": 0.0}}
{"target": -3426.4888784172376, "params": {"c1": 0.7363736373637364, "c2": 1.8213821382138216, "c3": 0.5264526452645265, "c4": 0.48164816481648165, "c5": 1.0998799879988002, "c6": 0.3979297929792979, "c7": 0.9486462646264625}, "datetime": {"datetime": "2023-06-29 15:49:10", "elapsed": 0.0, "delta": 0.0}}
{"target": -2433.054846511617, "params": {"c1": 0.23602360236023603, "c2": 1.4242424242424243, "c3": 0.9090909090909091, "c4": 0.13931393139313933, "c5": 0.5077807780778077, "c6": 0.644014401440144, "c7": 0.7222502250225022}, "datetime": {"datetime": "2023-06-29 15:49:10", "elapsed": 0.0, "delta": 0.0}}
{"target": -5974.083255927505, "params": {"c1": 0.09930993099309932, "c2": 0.7171817181718172, "c3": 0.862886288628863, "c4": 0.20872087208720871, "c5": 1.2298529852985298, "c6": 0.3666066606660666, "c7": 0.9101809180918091}, "datetime": {"datetime": "2023-06-29 15:49:10", "elapsed": 0.0, "delta": 0.0}}
{"target": -11649.987667548003, "params": {"c1": 0.983998399839984, "c2": 1.2959795979597961, "c3": 0.6805680568056806, "c4": 0.4448444844484449, "c5": 0.8498149814981498, "c6": 0.757965796579658, "c7": 0.05375247524752475}, "datetime": {"datetime": "2023-06-29 15:49:10", "elapsed": 0.0, "delta": 0.0}}
{"target": -15053.41735119732, "params": {"c1": 0.32143214321432145, "c2": 0.6654965496549655, "c3": 0.1309130913091309, "c4": 0.8698869886988699, "c5": 1.7672267226722673, "c6": 0.9728172817281728, "c7": 0.015786678667866785}, "datetime": {"datetime": "2023-06-29 15:49:10", "elapsed": 0.0, "delta": 0.0}}
{"target": -11000.85480816676, "params": {"c1": 0.42604260426042606, "c2": 0.1288828882888289, "c3": 0.20282028202820282, "c4": 0.15431543154315433, "c5": 0.38122812281228124, "c6": 0.6943294329432944, "c7": 0.35238343834383434}, "datetime": {"datetime": "2023-06-29 15:49:10", "elapsed": 0.0, "delta": 0.0}}
{"target": -16095.67001466563, "params": {"c1": 0.050905090509050906, "c2": 0.5486348634863486, "c3": 0.37443744374437443, "c4": 0.49324932493249324, "c5": 1.8246124612461248, "c6": 0.26453645364536454, "c7": 0.48736183618361834}, "datetime": {"datetime": "2023-06-29 15:49:10", "elapsed": 0.0, "delta": 0.0}}
{"target": -1425.1751786965867, "params": {"c1": 0.9097909790979098, "c2": 1.2600660066006601, "c3": 0.1405140514051405, "c4": 0.11141114111411142, "c5": 1.635923592359236, "c6": 0.40756075607560754, "c7": 0.9316615661566157}, "datetime": {"datetime": "2023-06-29 15:49:10", "elapsed": 0.0, "delta": 0.0}}
{"target": -3331.5979651950365, "params": {"c1": 0.07900790079007901, "c2": 0.11292129212921292, "c3": 0.2251225122512251, "c4": 0.7973797379737974, "c5": 0.3128212821282128, "c6": 0.9035103510351036, "c7": 0.4833654365436543}, "datetime": {"datetime": "2023-06-29 15:49:10", "elapsed": 0.0, "delta": 0.0}}
{"target": -5270.725342372322, "params": {"c1": 0.28782878287828784, "c2": 0.1285028502850285, "c3": 0.6545654565456546, "c4": 0.6596659665966597, "c5": 0.8382238223822382, "c6": 0.46822682268226823, "c7": 0.47497299729972997}, "datetime": {"datetime": "2023-06-29 15:49:10", "elapsed": 0.0, "delta": 0.0}}
{"target": -13805.597521324886, "params": {"c1": 0.33323332333233324, "c2": 0.5459745974597461, "c3": 0.3466346634663466, "c4": 0.9019901990199021, "c5": 0.20375037503750376, "c6": 0.48046804680468047, "c7": 0.8573285328532854}, "datetime": {"datetime": "2023-06-29 15:49:10", "elapsed": 0.0, "delta": 0.0}}
{"target": -11088.443105692502, "params": {"c1": 0.598059805980598, "c2": 0.15168516851685168, "c3": 0.7423742374237424, "c4": 0.18821882188218822, "c5": 0.6808880888088809, "c6": 0.7868586858685868, "c7": 0.9211710171017101}, "datetime": {"datetime": "2023-06-29 15:49:10", "elapsed": 0.0, "delta": 0.0}}
{"target": -12675.846305565792, "params": {"c1": 0.44614461446144615, "c2": 1.8470347034703472, "c3": 0.8272827282728273, "c4": 0.11381138113811382, "c5": 1.057885788578858, "c6": 0.7044104410441044, "c7": 0.49265706570657064}, "datetime": {"datetime": "2023-06-29 15:49:10", "elapsed": 0.0, "delta": 0.0}}
{"target": -9447.297733302026, "params": {"c1": 0.1409140914091409, "c2": 1.2760276027602762, "c3": 0.2526252625262526, "c4": 0.5151515151515151, "c5": 0.5771377137713771, "c6": 0.13087308730873087, "c7": 0.7672097209720972}, "datetime": {"datetime": "2023-06-29 15:49:10", "elapsed": 0.0, "delta": 0.0}}
{"target": -4335.96411134681, "params": {"c1": 0.5997599759975998, "c2": 1.4913191319131913, "c3": 0.5883588358835884, "c4": 0.7900790079007901, "c5": 1.8147314731473148, "c6": 0.6860486048604861, "c7": 0.08532403240324032}, "datetime": {"datetime": "2023-06-29 15:49:10", "elapsed": 0.0, "delta": 0.0}}
{"target": -11788.021488297794, "params": {"c1": 0.28682868286828683, "c2": 0.9908090809080909, "c3": 0.056305630563056305, "c4": 0.6946694669466947, "c5": 0.3213721372137214, "c6": 0.37002700270027006, "c7": 0.9577380738073807}, "datetime": {"datetime": "2023-06-29 15:49:10", "elapsed": 0.0, "delta": 0.0}}
{"target": -6715.721179469122, "params": {"c1": 0.6134613461346134, "c2": 0.8614061406140614, "c3": 0.3872387238723872, "c4": 0.045204520452045205, "c5": 0.5085408540854086, "c6": 0.3508550855085508, "c7": 0.23359045904590456}, "datetime": {"datetime": "2023-06-29 15:49:10", "elapsed": 0.0, "delta": 0.0}}
{"target": -9122.088454401308, "params": {"c1": 0.685968596859686, "c2": 0.15054505450545053, "c3": 0.6743674367436744, "c4": 0.22422242224222422, "c5": 1.618061806180618, "c6": 0.49144914491449143, "c7": 0.29073897389738973}, "datetime": {"datetime": "2023-06-29 15:49:10", "elapsed": 0.0, "delta": 0.0}}
{"target": -13184.73524729, "params": {"c1": 0.026502650265026503, "c2": 1.171897189718972, "c3": 0.2703270327032703, "c4": 0.014601460146014602, "c5": 0.17581758175817583, "c6": 0.39072907290729075, "c7": 0.7775004500450045}, "datetime": {"datetime": "2023-06-29 15:49:10", "elapsed": 0.0, "delta": 0.0}}
{"target": -5483.674708804065, "params": {"c1": 0.501950195019502, "c2": 0.8460146014601461, "c3": 0.6825682568256826, "c4": 0.43614361436143617, "c5": 1.8396239623962396, "c6": 0.35004500450045, "c7": 0.39234743474347433}, "datetime": {"datetime": "2023-06-29 15:49:10", "elapsed": 0.0, "delta": 0.0}}
{"target": -11013.200732031815, "params": {"c1": 0.42584258425842586, "c2": 1.9764376437643767, "c3": 0.6296629662966297, "c4": 0.13731373137313732, "c5": 0.8543754375437544, "c6": 0.6927092709270927, "c7": 0.7126588658865887}, "datetime": {"datetime": "2023-06-29 15:49:10", "elapsed": 0.0, "delta": 0.0}}
{"target": -18521.07502767745, "params": {"c1": 0.48264826482648265, "c2": 1.8690769076907692, "c3": 0.43884388438843885, "c4": 0.18841884188418842, "c5": 1.8793379337933793, "c6": 0.49693969396939697, "c7": 0.6222403240324033}, "datetime": {"datetime": "2023-06-29 15:49:10", "elapsed": 0.0, "delta": 0.0}}
